<?xml version="1.0" encoding="UTF-8"?>
<!-- Generated by org.testng.reporters.JUnitXMLReporter -->
<testsuite ignored="2" hostname="DESKTOP-ADC0TJP" failures="1" tests="1" name="EdgeTest(failed)(failed)(failed)(failed)" time="28.244" errors="0" timestamp="2023-10-07T22:17:52 IST">
  <testcase classname="tests.VerifyLoginPage" name="verifyTheLoginButtonByPassingCorrectEmailPassword" time="19.438">
    <failure type="java.lang.AssertionError" message="The following asserts failed:
	expected [Facebook – log in or sign up] but found [(20+) Facebook]">
      <![CDATA[java.lang.AssertionError: The following asserts failed:
expected [Facebook – log in or sign up] but found [(20+) Facebook]
at tests.VerifyLoginPage.verifyTheLoginButtonByPassingCorrectEmailPassword(VerifyLoginPage.java:138)
at java.base/java.util.ArrayList.forEach(ArrayList.java:1511)
at java.base/java.util.concurrent.FutureTask.run(FutureTask.java:264)
at java.base/java.util.concurrent.ThreadPoolExecutor.runWorker(ThreadPoolExecutor.java:1136)
at java.base/java.util.concurrent.ThreadPoolExecutor$Worker.run(ThreadPoolExecutor.java:635)
at java.base/java.lang.Thread.run(Thread.java:833)
... Removed 20 stack frames]]>
    </failure>
  </testcase> <!-- verifyTheLoginButtonByPassingCorrectEmailPassword -->
  <testcase classname="tests.VerifyLoginPage" name="verifyTheLoginButtonByPassingBlankEmailPassword" time="0.0">
    <ignored/>
  </testcase> <!-- verifyTheLoginButtonByPassingBlankEmailPassword -->
  <testcase classname="tests.VerifyLoginPage" name="verifyTheLoginButtonByPassingCurrectEmailOnly" time="0.0">
    <ignored/>
  </testcase> <!-- verifyTheLoginButtonByPassingCurrectEmailOnly -->
</testsuite> <!-- EdgeTest(failed)(failed)(failed)(failed) -->
