<?xml version="1.0" encoding="UTF-8"?>
<!-- Generated by org.testng.reporters.JUnitXMLReporter -->
<testsuite ignored="0" hostname="DESKTOP-ADC0TJP" failures="0" tests="3" name="Default test" time="0.123" errors="0" timestamp="2023-10-15T20:42:34 IST">
  <testcase classname="tests.VerifyLoginPage" name="@BeforeTest openBrowser" time="-1.697382754143E9">
    <failure type="org.testng.TestNGException" message="
Parameter &amp;apos;browser&amp;apos; is required by BeforeTest on method openBrowser but has not been marked @Optional or defined
in C:\Users\hp\AppData\Local\Temp\testng-eclipse-2133428862\testng-customsuite.xml">
      <![CDATA[org.testng.TestNGException: 
Parameter 'browser' is required by BeforeTest on method openBrowser but has not been marked @Optional or defined
in C:\Users\hp\AppData\Local\Temp\testng-eclipse-2133428862\testng-customsuite.xml
at org.testng.internal.Parameters.createParams(Parameters.java:270)
at org.testng.internal.Parameters.createParametersForMethod(Parameters.java:358)
at org.testng.internal.Parameters.createParameters(Parameters.java:700)
at org.testng.internal.Parameters.createConfigurationParameters(Parameters.java:168)
at org.testng.internal.ConfigInvoker.invokeConfigurations(ConfigInvoker.java:302)
at org.testng.TestRunner.invokeTestConfigurations(TestRunner.java:637)
at org.testng.TestRunner.beforeRun(TestRunner.java:627)
at org.testng.TestRunner.run(TestRunner.java:589)
at org.testng.SuiteRunner.runTest(SuiteRunner.java:377)
at org.testng.SuiteRunner.runSequentially(SuiteRunner.java:371)
at org.testng.SuiteRunner.privateRun(SuiteRunner.java:332)
at org.testng.SuiteRunner.run(SuiteRunner.java:276)
at org.testng.SuiteRunnerWorker.runSuite(SuiteRunnerWorker.java:53)
at org.testng.SuiteRunnerWorker.run(SuiteRunnerWorker.java:96)
at org.testng.TestNG.runSuitesSequentially(TestNG.java:1212)
at org.testng.TestNG.runSuitesLocally(TestNG.java:1134)
at org.testng.TestNG.runSuites(TestNG.java:1063)
at org.testng.TestNG.run(TestNG.java:1031)
at org.testng.remote.AbstractRemoteTestNG.run(AbstractRemoteTestNG.java:115)
at org.testng.remote.RemoteTestNG.initAndRun(RemoteTestNG.java:251)
at org.testng.remote.RemoteTestNG.main(RemoteTestNG.java:77)
]]>
    </failure>
  </testcase> <!-- @BeforeTest openBrowser -->
  <testcase classname="tests.VerifyLoginPage" name="@BeforeClass createPomObject" time="-1.697382754187E9">
    <skipped/>
  </testcase> <!-- @BeforeClass createPomObject -->
  <testcase classname="tests.VerifyLoginPage" name="@BeforeMethod goToLoginPage" time="-1.69738275421E9">
    <skipped/>
  </testcase> <!-- @BeforeMethod goToLoginPage -->
  <testcase classname="tests.VerifyLoginPage" name="@AfterMethod afterMethod" time="-1.69738275422E9">
    <skipped/>
  </testcase> <!-- @AfterMethod afterMethod -->
  <testcase classname="tests.VerifyLoginPage" name="@BeforeMethod goToLoginPage" time="-1.697382754228E9">
    <skipped/>
  </testcase> <!-- @BeforeMethod goToLoginPage -->
  <testcase classname="tests.VerifyLoginPage" name="@AfterMethod afterMethod" time="-1.697382754237E9">
    <skipped/>
  </testcase> <!-- @AfterMethod afterMethod -->
  <testcase classname="tests.VerifyLoginPage" name="@BeforeMethod goToLoginPage" time="-1.697382754242E9">
    <skipped/>
  </testcase> <!-- @BeforeMethod goToLoginPage -->
  <testcase classname="tests.VerifyLoginPage" name="@AfterMethod afterMethod" time="-1.697382754251E9">
    <skipped/>
  </testcase> <!-- @AfterMethod afterMethod -->
  <testcase classname="tests.VerifyLoginPage" name="@AfterClass clearObjects" time="-1.697382754258E9">
    <skipped/>
  </testcase> <!-- @AfterClass clearObjects -->
  <testcase classname="tests.VerifyLoginPage" name="@AfterTest closeBrowser" time="-1.69738275426E9">
    <skipped/>
  </testcase> <!-- @AfterTest closeBrowser -->
  <testcase classname="tests.VerifyLoginPage" name="verifyTheLoginButtonByPassingCorrectEmailOnly" time="0.0">
    <skipped/>
  </testcase> <!-- verifyTheLoginButtonByPassingCorrectEmailOnly -->
  <testcase classname="tests.VerifyLoginPage" name="verifyTheLoginButtonByPassingBlankEmailPassword" time="0.0">
    <skipped/>
  </testcase> <!-- verifyTheLoginButtonByPassingBlankEmailPassword -->
  <testcase classname="tests.VerifyLoginPage" name="verifyTheLoginButtonByPassingCorrectEmailPassword" time="0.0">
    <skipped/>
  </testcase> <!-- verifyTheLoginButtonByPassingCorrectEmailPassword -->
</testsuite> <!-- Default test -->
