<!DOCTYPE html>

<html>
  <head>
  <meta charset='utf-8'>
  <title>TestNG reports</title>

    <link type="text/css" href="testng-reports1.css" rel="stylesheet" id="ultra" />
    <link type="text/css" href="testng-reports.css" rel="stylesheet" id="retro" disabled="false"/>
    <script type="text/javascript" src="jquery.min.js"></script>
    <script type="text/javascript" src="testng-reports.js"></script>
    <script type="text/javascript" src="https://www.google.com/jsapi"></script>
    <script type='text/javascript'>
      google.load('visualization', '1', {packages:['table']});
      google.setOnLoadCallback(drawTable);
      var suiteTableInitFunctions = new Array();
      var suiteTableData = new Array();
    </script>
    <!--
      <script type="text/javascript" src="jquery-ui/js/jquery-ui-1.8.16.custom.min.js"></script>
     -->
  </head>

  <body>
    <div class="top-banner-root">
      <span class="top-banner-title-font">Test results</span>
      <button id="button" class="button">Switch Retro Theme</button> <!-- button -->
      <br/>
      <span class="top-banner-font-1">1 suite, 3 failed tests</span>
    </div> <!-- top-banner-root -->
    <div class="navigator-root">
      <div class="navigator-suite-header">
        <span>All suites</span>
        <a href="#" title="Collapse/expand all the suites" class="collapse-all-link">
          <img src="collapseall.gif" class="collapse-all-icon">
          </img> <!-- collapse-all-icon -->
        </a> <!-- collapse-all-link -->
      </div> <!-- navigator-suite-header -->
      <div class="suite">
        <div class="rounded-window">
          <div class="suite-header light-rounded-window-top">
            <a href="#" panel-name="suite-RegressionSuiteParallel_tests_classes" class="navigator-link">
              <span class="suite-name border-failed">RegressionSuiteParallel-tests/classes</span>
            </a> <!-- navigator-link -->
          </div> <!-- suite-header light-rounded-window-top -->
          <div class="navigator-suite-content">
            <div class="suite-section-title">
              <span>Info</span>
            </div> <!-- suite-section-title -->
            <div class="suite-section-content">
              <ul>
                <li>
                  <a href="#" panel-name="test-xml-RegressionSuiteParallel_tests_classes" class="navigator-link ">
                    <span>C:\Users\hp\eclipse-workspace\Facebook-Auto-26-09-23\Parallel-tests-classes.xml</span>
                  </a> <!-- navigator-link  -->
                </li>
                <li>
                  <a href="#" panel-name="testlist-RegressionSuiteParallel_tests_classes" class="navigator-link ">
                    <span class="test-stats">3 tests</span>
                  </a> <!-- navigator-link  -->
                </li>
                <li>
                  <a href="#" panel-name="group-RegressionSuiteParallel_tests_classes" class="navigator-link ">
                    <span>0 groups</span>
                  </a> <!-- navigator-link  -->
                </li>
                <li>
                  <a href="#" panel-name="times-RegressionSuiteParallel_tests_classes" class="navigator-link ">
                    <span>Times</span>
                  </a> <!-- navigator-link  -->
                </li>
                <li>
                  <a href="#" panel-name="reporter-RegressionSuiteParallel_tests_classes" class="navigator-link ">
                    <span>Reporter output</span>
                  </a> <!-- navigator-link  -->
                </li>
                <li>
                  <a href="#" panel-name="ignored-methods-RegressionSuiteParallel_tests_classes" class="navigator-link ">
                    <span>Ignored methods</span>
                  </a> <!-- navigator-link  -->
                </li>
                <li>
                  <a href="#" panel-name="chronological-RegressionSuiteParallel_tests_classes" class="navigator-link ">
                    <span>Chronological view</span>
                  </a> <!-- navigator-link  -->
                </li>
              </ul>
            </div> <!-- suite-section-content -->
            <div class="result-section">
              <div class="suite-section-title">
                <span>Results</span>
              </div> <!-- suite-section-title -->
              <div class="suite-section-content">
                <ul>
                  <li>
                    <span class="method-stats">18 methods, 3 failed,   15 passed</span>
                  </li>
                  <li>
                    <span class="method-list-title failed">Failed methods</span>
                    <span class="show-or-hide-methods failed">
                      <a href="#" panel-name="suite-RegressionSuiteParallel_tests_classes" class="hide-methods failed suite-RegressionSuiteParallel_tests_classes"> (hide)</a> <!-- hide-methods failed suite-RegressionSuiteParallel_tests_classes -->
                      <a href="#" panel-name="suite-RegressionSuiteParallel_tests_classes" class="show-methods failed suite-RegressionSuiteParallel_tests_classes"> (show)</a> <!-- show-methods failed suite-RegressionSuiteParallel_tests_classes -->
                    </span>
                    <div class="method-list-content failed suite-RegressionSuiteParallel_tests_classes">
                      <span>
                        <img src="failed.png" width="3%"/>
                        <a href="#" panel-name="suite-RegressionSuiteParallel_tests_classes" title="tests.VerifyLoginPage" class="method navigator-link" hash-for-method="verifyTheLoginButtonByPassingCorrectEmailPassword">verifyTheLoginButtonByPassingCorrectEmailPassword</a> <!-- method navigator-link -->
                      </span>
                      <br/>
                      <span>
                        <img src="failed.png" width="3%"/>
                        <a href="#" panel-name="suite-RegressionSuiteParallel_tests_classes" title="tests.VerifyLoginPage" class="method navigator-link" hash-for-method="verifyTheLoginButtonByPassingCorrectEmailPassword">verifyTheLoginButtonByPassingCorrectEmailPassword</a> <!-- method navigator-link -->
                      </span>
                      <br/>
                      <span>
                        <img src="failed.png" width="3%"/>
                        <a href="#" panel-name="suite-RegressionSuiteParallel_tests_classes" title="tests.VerifyLoginPage" class="method navigator-link" hash-for-method="verifyTheLoginButtonByPassingCorrectEmailPassword">verifyTheLoginButtonByPassingCorrectEmailPassword</a> <!-- method navigator-link -->
                      </span>
                      <br/>
                    </div> <!-- method-list-content failed suite-RegressionSuiteParallel_tests_classes -->
                  </li>
                  <li>
                    <span class="method-list-title passed">Passed methods</span>
                    <span class="show-or-hide-methods passed">
                      <a href="#" panel-name="suite-RegressionSuiteParallel_tests_classes" class="hide-methods passed suite-RegressionSuiteParallel_tests_classes"> (hide)</a> <!-- hide-methods passed suite-RegressionSuiteParallel_tests_classes -->
                      <a href="#" panel-name="suite-RegressionSuiteParallel_tests_classes" class="show-methods passed suite-RegressionSuiteParallel_tests_classes"> (show)</a> <!-- show-methods passed suite-RegressionSuiteParallel_tests_classes -->
                    </span>
                    <div class="method-list-content passed suite-RegressionSuiteParallel_tests_classes">
                      <span>
                        <img src="passed.png" width="3%"/>
                        <a href="#" panel-name="suite-RegressionSuiteParallel_tests_classes" title="tests.VerifyForgottenPasswordPage" class="method navigator-link" hash-for-method="verifyCancelButton">verifyCancelButton</a> <!-- method navigator-link -->
                      </span>
                      <br/>
                      <span>
                        <img src="passed.png" width="3%"/>
                        <a href="#" panel-name="suite-RegressionSuiteParallel_tests_classes" title="tests.VerifyForgottenPasswordPage" class="method navigator-link" hash-for-method="verifyCancelButton">verifyCancelButton</a> <!-- method navigator-link -->
                      </span>
                      <br/>
                      <span>
                        <img src="passed.png" width="3%"/>
                        <a href="#" panel-name="suite-RegressionSuiteParallel_tests_classes" title="tests.VerifyForgottenPasswordPage" class="method navigator-link" hash-for-method="verifyCancelButton">verifyCancelButton</a> <!-- method navigator-link -->
                      </span>
                      <br/>
                      <span>
                        <img src="passed.png" width="3%"/>
                        <a href="#" panel-name="suite-RegressionSuiteParallel_tests_classes" title="tests.VerifyForgottenPasswordPage" class="method navigator-link" hash-for-method="verifyForgottenPasswordPageTitleMessage">verifyForgottenPasswordPageTitleMessage</a> <!-- method navigator-link -->
                      </span>
                      <br/>
                      <span>
                        <img src="passed.png" width="3%"/>
                        <a href="#" panel-name="suite-RegressionSuiteParallel_tests_classes" title="tests.VerifyForgottenPasswordPage" class="method navigator-link" hash-for-method="verifyForgottenPasswordPageTitleMessage">verifyForgottenPasswordPageTitleMessage</a> <!-- method navigator-link -->
                      </span>
                      <br/>
                      <span>
                        <img src="passed.png" width="3%"/>
                        <a href="#" panel-name="suite-RegressionSuiteParallel_tests_classes" title="tests.VerifyForgottenPasswordPage" class="method navigator-link" hash-for-method="verifyForgottenPasswordPageTitleMessage">verifyForgottenPasswordPageTitleMessage</a> <!-- method navigator-link -->
                      </span>
                      <br/>
                      <span>
                        <img src="passed.png" width="3%"/>
                        <a href="#" panel-name="suite-RegressionSuiteParallel_tests_classes" title="tests.VerifyForgottenPasswordPage" class="method navigator-link" hash-for-method="verifySearcButton">verifySearcButton</a> <!-- method navigator-link -->
                      </span>
                      <br/>
                      <span>
                        <img src="passed.png" width="3%"/>
                        <a href="#" panel-name="suite-RegressionSuiteParallel_tests_classes" title="tests.VerifyForgottenPasswordPage" class="method navigator-link" hash-for-method="verifySearcButton">verifySearcButton</a> <!-- method navigator-link -->
                      </span>
                      <br/>
                      <span>
                        <img src="passed.png" width="3%"/>
                        <a href="#" panel-name="suite-RegressionSuiteParallel_tests_classes" title="tests.VerifyForgottenPasswordPage" class="method navigator-link" hash-for-method="verifySearcButton">verifySearcButton</a> <!-- method navigator-link -->
                      </span>
                      <br/>
                      <span>
                        <img src="passed.png" width="3%"/>
                        <a href="#" panel-name="suite-RegressionSuiteParallel_tests_classes" title="tests.VerifyLoginPage" class="method navigator-link" hash-for-method="verifyTheLoginButtonByPassingBlankEmailPassword">verifyTheLoginButtonByPassingBlankEmailPassword</a> <!-- method navigator-link -->
                      </span>
                      <br/>
                      <span>
                        <img src="passed.png" width="3%"/>
                        <a href="#" panel-name="suite-RegressionSuiteParallel_tests_classes" title="tests.VerifyLoginPage" class="method navigator-link" hash-for-method="verifyTheLoginButtonByPassingBlankEmailPassword">verifyTheLoginButtonByPassingBlankEmailPassword</a> <!-- method navigator-link -->
                      </span>
                      <br/>
                      <span>
                        <img src="passed.png" width="3%"/>
                        <a href="#" panel-name="suite-RegressionSuiteParallel_tests_classes" title="tests.VerifyLoginPage" class="method navigator-link" hash-for-method="verifyTheLoginButtonByPassingBlankEmailPassword">verifyTheLoginButtonByPassingBlankEmailPassword</a> <!-- method navigator-link -->
                      </span>
                      <br/>
                      <span>
                        <img src="passed.png" width="3%"/>
                        <a href="#" panel-name="suite-RegressionSuiteParallel_tests_classes" title="tests.VerifyLoginPage" class="method navigator-link" hash-for-method="verifyTheLoginButtonByPassingCorrectEmailOnly">verifyTheLoginButtonByPassingCorrectEmailOnly</a> <!-- method navigator-link -->
                      </span>
                      <br/>
                      <span>
                        <img src="passed.png" width="3%"/>
                        <a href="#" panel-name="suite-RegressionSuiteParallel_tests_classes" title="tests.VerifyLoginPage" class="method navigator-link" hash-for-method="verifyTheLoginButtonByPassingCorrectEmailOnly">verifyTheLoginButtonByPassingCorrectEmailOnly</a> <!-- method navigator-link -->
                      </span>
                      <br/>
                      <span>
                        <img src="passed.png" width="3%"/>
                        <a href="#" panel-name="suite-RegressionSuiteParallel_tests_classes" title="tests.VerifyLoginPage" class="method navigator-link" hash-for-method="verifyTheLoginButtonByPassingCorrectEmailOnly">verifyTheLoginButtonByPassingCorrectEmailOnly</a> <!-- method navigator-link -->
                      </span>
                      <br/>
                    </div> <!-- method-list-content passed suite-RegressionSuiteParallel_tests_classes -->
                  </li>
                </ul>
              </div> <!-- suite-section-content -->
            </div> <!-- result-section -->
          </div> <!-- navigator-suite-content -->
        </div> <!-- rounded-window -->
      </div> <!-- suite -->
    </div> <!-- navigator-root -->
    <div class="wrapper">
      <div class="main-panel-root">
        <div panel-name="suite-RegressionSuiteParallel_tests_classes" class="panel RegressionSuiteParallel_tests_classes">
          <div class="suite-RegressionSuiteParallel_tests_classes-class-failed">
            <div class="main-panel-header rounded-window-top">
              <img src="failed.png"/>
              <span class="class-name">tests.VerifyLoginPage</span>
            </div> <!-- main-panel-header rounded-window-top -->
            <div class="main-panel-content rounded-window-bottom">
              <div class="method">
                <div class="method-content">
                  <a name="verifyTheLoginButtonByPassingCorrectEmailPassword">
                  </a> <!-- verifyTheLoginButtonByPassingCorrectEmailPassword -->
                  <span class="method-name">verifyTheLoginButtonByPassingCorrectEmailPassword</span>
                  <div class="stack-trace">org.openqa.selenium.TimeoutException: Expected condition failed: waiting for element to be clickable: Proxy element for: DefaultElementLocator &apos;By.xpath: (//div[contains(@class,&apos;x1rg5ohu x1n2onr6 x3ajldb&apos;)])[1]&apos; (tried for 30 second(s) with 500 milliseconds interval)
	at org.openqa.selenium.support.ui.WebDriverWait.timeoutException(WebDriverWait.java:95)
	at org.openqa.selenium.support.ui.FluentWait.until(FluentWait.java:272)
	at page.LoggedInHomePage.clickOnAccountLogo(LoggedInHomePage.java:34)
	at tests.VerifyLoginPage.verifyTheLoginButtonByPassingCorrectEmailPassword(VerifyLoginPage.java:135)
	at java.base/java.util.concurrent.ThreadPoolExecutor.runWorker(ThreadPoolExecutor.java:1136)
	at java.base/java.util.concurrent.ThreadPoolExecutor$Worker.run(ThreadPoolExecutor.java:635)
	at java.base/java.lang.Thread.run(Thread.java:833)
Caused by: org.openqa.selenium.NoSuchElementException: no such element: Unable to locate element: {&quot;method&quot;:&quot;xpath&quot;,&quot;selector&quot;:&quot;(//div[contains(@class,&apos;x1rg5ohu x1n2onr6 x3ajldb&apos;)])[1]&quot;}
  (Session info: chrome=117.0.5938.152)
For documentation on this error, please visit: https://www.seleniumhq.org/exceptions/no_such_element.html
Build info: version: &apos;3.141.59&apos;, revision: &apos;e82be7d358&apos;, time: &apos;2018-11-14T08:17:03&apos;
System info: host: &apos;DESKTOP-ADC0TJP&apos;, ip: &apos;172.27.224.1&apos;, os.name: &apos;Windows 10&apos;, os.arch: &apos;amd64&apos;, os.version: &apos;10.0&apos;, java.version: &apos;17.0.5&apos;
Driver info: org.openqa.selenium.chrome.ChromeDriver
Capabilities {acceptInsecureCerts: false, browserName: chrome, browserVersion: 117.0.5938.152, chrome: {chromedriverVersion: 116.0.5845.96 (1a3918166880..., userDataDir: C:\Users\hp\AppData\Local\T...}, fedcm:accounts: true, goog:chromeOptions: {debuggerAddress: localhost:59790}, javascriptEnabled: true, networkConnectionEnabled: false, pageLoadStrategy: normal, platform: WINDOWS, platformName: WINDOWS, proxy: Proxy(), setWindowRect: true, strictFileInteractability: false, timeouts: {implicit: 0, pageLoad: 300000, script: 30000}, unhandledPromptBehavior: dismiss and notify, webauthn:extension:credBlob: true, webauthn:extension:largeBlob: true, webauthn:extension:minPinLength: true, webauthn:extension:prf: true, webauthn:virtualAuthenticators: true}
Session ID: 7633f2501e8943faec1bc3c345d2972d
*** Element info: {Using=xpath, value=(//div[contains(@class,&apos;x1rg5ohu x1n2onr6 x3ajldb&apos;)])[1]}
	at org.openqa.selenium.remote.http.W3CHttpResponseCodec.createException(W3CHttpResponseCodec.java:187)
	at org.openqa.selenium.remote.http.W3CHttpResponseCodec.decode(W3CHttpResponseCodec.java:122)
	at org.openqa.selenium.remote.http.W3CHttpResponseCodec.decode(W3CHttpResponseCodec.java:49)
	at org.openqa.selenium.remote.HttpCommandExecutor.execute(HttpCommandExecutor.java:158)
	at org.openqa.selenium.remote.service.DriverCommandExecutor.execute(DriverCommandExecutor.java:83)
	at org.openqa.selenium.remote.RemoteWebDriver.execute(RemoteWebDriver.java:552)
	at org.openqa.selenium.remote.RemoteWebDriver.findElement(RemoteWebDriver.java:323)
	at org.openqa.selenium.remote.RemoteWebDriver.findElementByXPath(RemoteWebDriver.java:428)
	at org.openqa.selenium.By$ByXPath.findElement(By.java:353)
	at org.openqa.selenium.remote.RemoteWebDriver.findElement(RemoteWebDriver.java:315)
	at org.openqa.selenium.support.pagefactory.DefaultElementLocator.findElement(DefaultElementLocator.java:69)
	at org.openqa.selenium.support.pagefactory.internal.LocatingElementHandler.invoke(LocatingElementHandler.java:38)
	at jdk.proxy2/jdk.proxy2.$Proxy19.isDisplayed(Unknown Source)
	at org.openqa.selenium.support.ui.ExpectedConditions.elementIfVisible(ExpectedConditions.java:314)
	at org.openqa.selenium.support.ui.ExpectedConditions.access$000(ExpectedConditions.java:43)
	at org.openqa.selenium.support.ui.ExpectedConditions$10.apply(ExpectedConditions.java:300)
	at org.openqa.selenium.support.ui.ExpectedConditions$10.apply(ExpectedConditions.java:297)
	at org.openqa.selenium.support.ui.ExpectedConditions$23.apply(ExpectedConditions.java:670)
	at org.openqa.selenium.support.ui.ExpectedConditions$23.apply(ExpectedConditions.java:666)
	at org.openqa.selenium.support.ui.FluentWait.until(FluentWait.java:249)
	... 17 more
... Removed 17 stack frames
</div> <!-- stack-trace -->
                </div> <!-- method-content -->
              </div> <!-- method -->
              <div class="method">
                <div class="method-content">
                  <a name="verifyTheLoginButtonByPassingCorrectEmailPassword">
                  </a> <!-- verifyTheLoginButtonByPassingCorrectEmailPassword -->
                  <span class="method-name">verifyTheLoginButtonByPassingCorrectEmailPassword</span>
                  <div class="stack-trace">org.openqa.selenium.TimeoutException: Expected condition failed: waiting for element to be clickable: Proxy element for: DefaultElementLocator &apos;By.xpath: (//div[contains(@class,&apos;x1rg5ohu x1n2onr6 x3ajldb&apos;)])[1]&apos; (tried for 30 second(s) with 500 milliseconds interval)
	at org.openqa.selenium.support.ui.WebDriverWait.timeoutException(WebDriverWait.java:95)
	at org.openqa.selenium.support.ui.FluentWait.until(FluentWait.java:272)
	at page.LoggedInHomePage.clickOnAccountLogo(LoggedInHomePage.java:34)
	at tests.VerifyLoginPage.verifyTheLoginButtonByPassingCorrectEmailPassword(VerifyLoginPage.java:135)
	at java.base/java.util.ArrayList.forEach(ArrayList.java:1511)
	at java.base/java.util.concurrent.FutureTask.run(FutureTask.java:264)
	at java.base/java.util.concurrent.ThreadPoolExecutor.runWorker(ThreadPoolExecutor.java:1136)
	at java.base/java.util.concurrent.ThreadPoolExecutor$Worker.run(ThreadPoolExecutor.java:635)
	at java.base/java.lang.Thread.run(Thread.java:833)
Caused by: org.openqa.selenium.NoSuchElementException: no such element: Unable to locate element: {&quot;method&quot;:&quot;xpath&quot;,&quot;selector&quot;:&quot;(//div[contains(@class,&apos;x1rg5ohu x1n2onr6 x3ajldb&apos;)])[1]&quot;}
  (Session info: MicrosoftEdge=118.0.2088.46)
For documentation on this error, please visit: https://www.seleniumhq.org/exceptions/no_such_element.html
Build info: version: &apos;3.141.59&apos;, revision: &apos;e82be7d358&apos;, time: &apos;2018-11-14T08:17:03&apos;
System info: host: &apos;DESKTOP-ADC0TJP&apos;, ip: &apos;172.27.224.1&apos;, os.name: &apos;Windows 10&apos;, os.arch: &apos;amd64&apos;, os.version: &apos;10.0&apos;, java.version: &apos;17.0.5&apos;
Driver info: org.openqa.selenium.edge.EdgeDriver
Capabilities {acceptInsecureCerts: false, browserName: msedge, browserVersion: 118.0.2088.46, fedcm:accounts: true, javascriptEnabled: true, ms:edgeOptions: {debuggerAddress: localhost:59844}, msedge: {msedgedriverVersion: 117.0.2045.55 (50f62b8a7655..., userDataDir: C:\Users\hp\AppData\Local\T...}, networkConnectionEnabled: false, pageLoadStrategy: normal, platform: WINDOWS, platformName: WINDOWS, proxy: Proxy(), setWindowRect: true, strictFileInteractability: false, timeouts: {implicit: 0, pageLoad: 300000, script: 30000}, unhandledPromptBehavior: dismiss and notify, webauthn:extension:credBlob: true, webauthn:extension:largeBlob: true, webauthn:extension:minPinLength: true, webauthn:extension:prf: true, webauthn:virtualAuthenticators: true}
Session ID: f75b5ffe88477e80ae4c10122007ec63
*** Element info: {Using=xpath, value=(//div[contains(@class,&apos;x1rg5ohu x1n2onr6 x3ajldb&apos;)])[1]}
	at org.openqa.selenium.remote.http.W3CHttpResponseCodec.createException(W3CHttpResponseCodec.java:187)
	at org.openqa.selenium.remote.http.W3CHttpResponseCodec.decode(W3CHttpResponseCodec.java:122)
	at org.openqa.selenium.remote.http.W3CHttpResponseCodec.decode(W3CHttpResponseCodec.java:49)
	at org.openqa.selenium.remote.HttpCommandExecutor.execute(HttpCommandExecutor.java:158)
	at org.openqa.selenium.remote.service.DriverCommandExecutor.execute(DriverCommandExecutor.java:83)
	at org.openqa.selenium.remote.RemoteWebDriver.execute(RemoteWebDriver.java:552)
	at org.openqa.selenium.remote.RemoteWebDriver.findElement(RemoteWebDriver.java:323)
	at org.openqa.selenium.remote.RemoteWebDriver.findElementByXPath(RemoteWebDriver.java:428)
	at org.openqa.selenium.By$ByXPath.findElement(By.java:353)
	at org.openqa.selenium.remote.RemoteWebDriver.findElement(RemoteWebDriver.java:315)
	at org.openqa.selenium.support.pagefactory.DefaultElementLocator.findElement(DefaultElementLocator.java:69)
	at org.openqa.selenium.support.pagefactory.internal.LocatingElementHandler.invoke(LocatingElementHandler.java:38)
	at jdk.proxy2/jdk.proxy2.$Proxy19.isDisplayed(Unknown Source)
	at org.openqa.selenium.support.ui.ExpectedConditions.elementIfVisible(ExpectedConditions.java:314)
	at org.openqa.selenium.support.ui.ExpectedConditions.access$000(ExpectedConditions.java:43)
	at org.openqa.selenium.support.ui.ExpectedConditions$10.apply(ExpectedConditions.java:300)
	at org.openqa.selenium.support.ui.ExpectedConditions$10.apply(ExpectedConditions.java:297)
	at org.openqa.selenium.support.ui.ExpectedConditions$23.apply(ExpectedConditions.java:670)
	at org.openqa.selenium.support.ui.ExpectedConditions$23.apply(ExpectedConditions.java:666)
	at org.openqa.selenium.support.ui.FluentWait.until(FluentWait.java:249)
	... 25 more
... Removed 23 stack frames
</div> <!-- stack-trace -->
                </div> <!-- method-content -->
              </div> <!-- method -->
              <div class="method">
                <div class="method-content">
                  <a name="verifyTheLoginButtonByPassingCorrectEmailPassword">
                  </a> <!-- verifyTheLoginButtonByPassingCorrectEmailPassword -->
                  <span class="method-name">verifyTheLoginButtonByPassingCorrectEmailPassword</span>
                  <div class="stack-trace">org.openqa.selenium.TimeoutException: Expected condition failed: waiting for element to be clickable: Proxy element for: DefaultElementLocator &apos;By.xpath: (//div[contains(@class,&apos;x1rg5ohu x1n2onr6 x3ajldb&apos;)])[1]&apos; (tried for 30 second(s) with 500 milliseconds interval)
	at org.openqa.selenium.support.ui.WebDriverWait.timeoutException(WebDriverWait.java:95)
	at org.openqa.selenium.support.ui.FluentWait.until(FluentWait.java:272)
	at page.LoggedInHomePage.clickOnAccountLogo(LoggedInHomePage.java:34)
	at tests.VerifyLoginPage.verifyTheLoginButtonByPassingCorrectEmailPassword(VerifyLoginPage.java:135)
	at java.base/java.util.ArrayList.forEach(ArrayList.java:1511)
	at java.base/java.util.concurrent.FutureTask.run(FutureTask.java:264)
	at java.base/java.util.concurrent.ThreadPoolExecutor.runWorker(ThreadPoolExecutor.java:1136)
	at java.base/java.util.concurrent.ThreadPoolExecutor$Worker.run(ThreadPoolExecutor.java:635)
	at java.base/java.lang.Thread.run(Thread.java:833)
Caused by: org.openqa.selenium.NoSuchElementException: Unable to locate element: (//div[contains(@class,&apos;x1rg5ohu x1n2onr6 x3ajldb&apos;)])[1]
For documentation on this error, please visit: https://www.seleniumhq.org/exceptions/no_such_element.html
Build info: version: &apos;3.141.59&apos;, revision: &apos;e82be7d358&apos;, time: &apos;2018-11-14T08:17:03&apos;
System info: host: &apos;DESKTOP-ADC0TJP&apos;, ip: &apos;172.27.224.1&apos;, os.name: &apos;Windows 10&apos;, os.arch: &apos;amd64&apos;, os.version: &apos;10.0&apos;, java.version: &apos;17.0.5&apos;
Driver info: org.openqa.selenium.firefox.FirefoxDriver
Capabilities {acceptInsecureCerts: true, browserName: firefox, browserVersion: 118.0.2, javascriptEnabled: true, moz:accessibilityChecks: false, moz:buildID: 20231009140911, moz:geckodriverVersion: 0.33.0, moz:headless: false, moz:platformVersion: 10.0, moz:processID: 18444, moz:profile: C:\Users\hp\AppData\Local\T..., moz:shutdownTimeout: 60000, moz:webdriverClick: true, moz:windowless: false, pageLoadStrategy: normal, platform: WINDOWS, platformName: WINDOWS, proxy: Proxy(), setWindowRect: true, strictFileInteractability: false, timeouts: {implicit: 0, pageLoad: 300000, script: 30000}, unhandledPromptBehavior: dismiss and notify}
Session ID: daf1d525-8524-4758-98a5-54969361a73b
*** Element info: {Using=xpath, value=(//div[contains(@class,&apos;x1rg5ohu x1n2onr6 x3ajldb&apos;)])[1]}
	at org.openqa.selenium.remote.http.W3CHttpResponseCodec.createException(W3CHttpResponseCodec.java:187)
	at org.openqa.selenium.remote.http.W3CHttpResponseCodec.decode(W3CHttpResponseCodec.java:122)
	at org.openqa.selenium.remote.http.W3CHttpResponseCodec.decode(W3CHttpResponseCodec.java:49)
	at org.openqa.selenium.remote.HttpCommandExecutor.execute(HttpCommandExecutor.java:158)
	at org.openqa.selenium.remote.service.DriverCommandExecutor.execute(DriverCommandExecutor.java:83)
	at org.openqa.selenium.remote.RemoteWebDriver.execute(RemoteWebDriver.java:552)
	at org.openqa.selenium.remote.RemoteWebDriver.findElement(RemoteWebDriver.java:323)
	at org.openqa.selenium.remote.RemoteWebDriver.findElementByXPath(RemoteWebDriver.java:428)
	at org.openqa.selenium.By$ByXPath.findElement(By.java:353)
	at org.openqa.selenium.remote.RemoteWebDriver.findElement(RemoteWebDriver.java:315)
	at org.openqa.selenium.support.pagefactory.DefaultElementLocator.findElement(DefaultElementLocator.java:69)
	at org.openqa.selenium.support.pagefactory.internal.LocatingElementHandler.invoke(LocatingElementHandler.java:38)
	at jdk.proxy2/jdk.proxy2.$Proxy19.isDisplayed(Unknown Source)
	at org.openqa.selenium.support.ui.ExpectedConditions.elementIfVisible(ExpectedConditions.java:314)
	at org.openqa.selenium.support.ui.ExpectedConditions.access$000(ExpectedConditions.java:43)
	at org.openqa.selenium.support.ui.ExpectedConditions$10.apply(ExpectedConditions.java:300)
	at org.openqa.selenium.support.ui.ExpectedConditions$10.apply(ExpectedConditions.java:297)
	at org.openqa.selenium.support.ui.ExpectedConditions$23.apply(ExpectedConditions.java:670)
	at org.openqa.selenium.support.ui.ExpectedConditions$23.apply(ExpectedConditions.java:666)
	at org.openqa.selenium.support.ui.FluentWait.until(FluentWait.java:249)
	... 25 more
... Removed 22 stack frames
</div> <!-- stack-trace -->
                </div> <!-- method-content -->
              </div> <!-- method -->
            </div> <!-- main-panel-content rounded-window-bottom -->
          </div> <!-- suite-RegressionSuiteParallel_tests_classes-class-failed -->
          <div class="suite-RegressionSuiteParallel_tests_classes-class-passed">
            <div class="main-panel-header rounded-window-top">
              <img src="passed.png"/>
              <span class="class-name">tests.VerifyForgottenPasswordPage</span>
            </div> <!-- main-panel-header rounded-window-top -->
            <div class="main-panel-content rounded-window-bottom">
              <div class="method">
                <div class="method-content">
                  <a name="verifyCancelButton">
                  </a> <!-- verifyCancelButton -->
                  <span class="method-name">verifyCancelButton</span>
                </div> <!-- method-content -->
              </div> <!-- method -->
              <div class="method">
                <div class="method-content">
                  <a name="verifyCancelButton">
                  </a> <!-- verifyCancelButton -->
                  <span class="method-name">verifyCancelButton</span>
                </div> <!-- method-content -->
              </div> <!-- method -->
              <div class="method">
                <div class="method-content">
                  <a name="verifyCancelButton">
                  </a> <!-- verifyCancelButton -->
                  <span class="method-name">verifyCancelButton</span>
                </div> <!-- method-content -->
              </div> <!-- method -->
              <div class="method">
                <div class="method-content">
                  <a name="verifyForgottenPasswordPageTitleMessage">
                  </a> <!-- verifyForgottenPasswordPageTitleMessage -->
                  <span class="method-name">verifyForgottenPasswordPageTitleMessage</span>
                </div> <!-- method-content -->
              </div> <!-- method -->
              <div class="method">
                <div class="method-content">
                  <a name="verifyForgottenPasswordPageTitleMessage">
                  </a> <!-- verifyForgottenPasswordPageTitleMessage -->
                  <span class="method-name">verifyForgottenPasswordPageTitleMessage</span>
                </div> <!-- method-content -->
              </div> <!-- method -->
              <div class="method">
                <div class="method-content">
                  <a name="verifyForgottenPasswordPageTitleMessage">
                  </a> <!-- verifyForgottenPasswordPageTitleMessage -->
                  <span class="method-name">verifyForgottenPasswordPageTitleMessage</span>
                </div> <!-- method-content -->
              </div> <!-- method -->
              <div class="method">
                <div class="method-content">
                  <a name="verifySearcButton">
                  </a> <!-- verifySearcButton -->
                  <span class="method-name">verifySearcButton</span>
                </div> <!-- method-content -->
              </div> <!-- method -->
              <div class="method">
                <div class="method-content">
                  <a name="verifySearcButton">
                  </a> <!-- verifySearcButton -->
                  <span class="method-name">verifySearcButton</span>
                </div> <!-- method-content -->
              </div> <!-- method -->
              <div class="method">
                <div class="method-content">
                  <a name="verifySearcButton">
                  </a> <!-- verifySearcButton -->
                  <span class="method-name">verifySearcButton</span>
                </div> <!-- method-content -->
              </div> <!-- method -->
            </div> <!-- main-panel-content rounded-window-bottom -->
          </div> <!-- suite-RegressionSuiteParallel_tests_classes-class-passed -->
          <div class="suite-RegressionSuiteParallel_tests_classes-class-passed">
            <div class="main-panel-header rounded-window-top">
              <img src="passed.png"/>
              <span class="class-name">tests.VerifyLoginPage</span>
            </div> <!-- main-panel-header rounded-window-top -->
            <div class="main-panel-content rounded-window-bottom">
              <div class="method">
                <div class="method-content">
                  <a name="verifyTheLoginButtonByPassingBlankEmailPassword">
                  </a> <!-- verifyTheLoginButtonByPassingBlankEmailPassword -->
                  <span class="method-name">verifyTheLoginButtonByPassingBlankEmailPassword</span>
                </div> <!-- method-content -->
              </div> <!-- method -->
              <div class="method">
                <div class="method-content">
                  <a name="verifyTheLoginButtonByPassingBlankEmailPassword">
                  </a> <!-- verifyTheLoginButtonByPassingBlankEmailPassword -->
                  <span class="method-name">verifyTheLoginButtonByPassingBlankEmailPassword</span>
                </div> <!-- method-content -->
              </div> <!-- method -->
              <div class="method">
                <div class="method-content">
                  <a name="verifyTheLoginButtonByPassingBlankEmailPassword">
                  </a> <!-- verifyTheLoginButtonByPassingBlankEmailPassword -->
                  <span class="method-name">verifyTheLoginButtonByPassingBlankEmailPassword</span>
                </div> <!-- method-content -->
              </div> <!-- method -->
              <div class="method">
                <div class="method-content">
                  <a name="verifyTheLoginButtonByPassingCorrectEmailOnly">
                  </a> <!-- verifyTheLoginButtonByPassingCorrectEmailOnly -->
                  <span class="method-name">verifyTheLoginButtonByPassingCorrectEmailOnly</span>
                </div> <!-- method-content -->
              </div> <!-- method -->
              <div class="method">
                <div class="method-content">
                  <a name="verifyTheLoginButtonByPassingCorrectEmailOnly">
                  </a> <!-- verifyTheLoginButtonByPassingCorrectEmailOnly -->
                  <span class="method-name">verifyTheLoginButtonByPassingCorrectEmailOnly</span>
                </div> <!-- method-content -->
              </div> <!-- method -->
              <div class="method">
                <div class="method-content">
                  <a name="verifyTheLoginButtonByPassingCorrectEmailOnly">
                  </a> <!-- verifyTheLoginButtonByPassingCorrectEmailOnly -->
                  <span class="method-name">verifyTheLoginButtonByPassingCorrectEmailOnly</span>
                </div> <!-- method-content -->
              </div> <!-- method -->
            </div> <!-- main-panel-content rounded-window-bottom -->
          </div> <!-- suite-RegressionSuiteParallel_tests_classes-class-passed -->
        </div> <!-- panel RegressionSuiteParallel_tests_classes -->
        <div panel-name="test-xml-RegressionSuiteParallel_tests_classes" class="panel">
          <div class="main-panel-header rounded-window-top">
            <span class="header-content">C:\Users\hp\eclipse-workspace\Facebook-Auto-26-09-23\Parallel-tests-classes.xml</span>
          </div> <!-- main-panel-header rounded-window-top -->
          <div class="main-panel-content rounded-window-bottom">
            <pre>
&lt;?xml version=&quot;1.0&quot; encoding=&quot;UTF-8&quot;?&gt;
&lt;!DOCTYPE suite SYSTEM &quot;https://testng.org/testng-1.0.dtd&quot;&gt;
&lt;suite thread-count=&quot;2&quot; parallel=&quot;tests&quot; name=&quot;RegressionSuiteParallel-tests/classes&quot; guice-stage=&quot;DEVELOPMENT&quot;&gt;
  &lt;test thread-count=&quot;2&quot; parallel=&quot;classes&quot; name=&quot;ChromeTest&quot;&gt;
    &lt;parameter name=&quot;browser&quot; value=&quot;Chrome&quot;/&gt;
    &lt;classes&gt;
      &lt;class name=&quot;tests.VerifyForgottenPasswordPage&quot;/&gt;
      &lt;class name=&quot;tests.VerifyLoginPage&quot;/&gt;
    &lt;/classes&gt;
  &lt;/test&gt; &lt;!-- ChromeTest --&gt;
  &lt;test thread-count=&quot;2&quot; parallel=&quot;tests&quot; name=&quot;EdgeTest&quot;&gt;
    &lt;parameter name=&quot;browser&quot; value=&quot;Edge&quot;/&gt;
    &lt;classes&gt;
      &lt;class name=&quot;tests.VerifyForgottenPasswordPage&quot;/&gt;
      &lt;class name=&quot;tests.VerifyLoginPage&quot;/&gt;
    &lt;/classes&gt;
  &lt;/test&gt; &lt;!-- EdgeTest --&gt;
  &lt;test thread-count=&quot;2&quot; parallel=&quot;tests&quot; name=&quot;FirefoxTest&quot;&gt;
    &lt;parameter name=&quot;browser&quot; value=&quot;Firefox&quot;/&gt;
    &lt;classes&gt;
      &lt;class name=&quot;tests.VerifyForgottenPasswordPage&quot;/&gt;
      &lt;class name=&quot;tests.VerifyLoginPage&quot;/&gt;
    &lt;/classes&gt;
  &lt;/test&gt; &lt;!-- FirefoxTest --&gt;
&lt;/suite&gt; &lt;!-- RegressionSuiteParallel-tests/classes --&gt;
            </pre>
          </div> <!-- main-panel-content rounded-window-bottom -->
        </div> <!-- panel -->
        <div panel-name="testlist-RegressionSuiteParallel_tests_classes" class="panel">
          <div class="main-panel-header rounded-window-top">
            <span class="header-content">Tests for RegressionSuiteParallel-tests/classes</span>
          </div> <!-- main-panel-header rounded-window-top -->
          <div class="main-panel-content rounded-window-bottom">
            <ul>
              <li>
                <span class="test-name">ChromeTest (2 classes)</span>
              </li>
              <li>
                <span class="test-name">EdgeTest (2 classes)</span>
              </li>
              <li>
                <span class="test-name">FirefoxTest (2 classes)</span>
              </li>
            </ul>
          </div> <!-- main-panel-content rounded-window-bottom -->
        </div> <!-- panel -->
        <div panel-name="group-RegressionSuiteParallel_tests_classes" class="panel">
          <div class="main-panel-header rounded-window-top">
            <span class="header-content">Groups for RegressionSuiteParallel-tests/classes</span>
          </div> <!-- main-panel-header rounded-window-top -->
          <div class="main-panel-content rounded-window-bottom">
          </div> <!-- main-panel-content rounded-window-bottom -->
        </div> <!-- panel -->
        <div panel-name="times-RegressionSuiteParallel_tests_classes" class="panel">
          <div class="main-panel-header rounded-window-top">
            <span class="header-content">Times for RegressionSuiteParallel-tests/classes</span>
          </div> <!-- main-panel-header rounded-window-top -->
          <div class="main-panel-content rounded-window-bottom">
            <div class="times-div">
              <script type="text/javascript">
suiteTableInitFunctions.push('tableData_RegressionSuiteParallel_tests_classes');
function tableData_RegressionSuiteParallel_tests_classes() {
var data = new google.visualization.DataTable();
data.addColumn('number', 'Number');
data.addColumn('string', 'Method');
data.addColumn('string', 'Class');
data.addColumn('number', 'Time (ms)');
data.addRows(18);
data.setCell(0, 0, 0)
data.setCell(0, 1, 'verifyTheLoginButtonByPassingCorrectEmailPassword')
data.setCell(0, 2, 'tests.VerifyLoginPage')
data.setCell(0, 3, 44366);
data.setCell(1, 0, 1)
data.setCell(1, 1, 'verifyTheLoginButtonByPassingCorrectEmailPassword')
data.setCell(1, 2, 'tests.VerifyLoginPage')
data.setCell(1, 3, 44337);
data.setCell(2, 0, 2)
data.setCell(2, 1, 'verifyTheLoginButtonByPassingCorrectEmailPassword')
data.setCell(2, 2, 'tests.VerifyLoginPage')
data.setCell(2, 3, 42912);
data.setCell(3, 0, 3)
data.setCell(3, 1, 'verifyTheLoginButtonByPassingCorrectEmailOnly')
data.setCell(3, 2, 'tests.VerifyLoginPage')
data.setCell(3, 3, 11202);
data.setCell(4, 0, 4)
data.setCell(4, 1, 'verifyTheLoginButtonByPassingCorrectEmailOnly')
data.setCell(4, 2, 'tests.VerifyLoginPage')
data.setCell(4, 3, 7296);
data.setCell(5, 0, 5)
data.setCell(5, 1, 'verifyTheLoginButtonByPassingCorrectEmailOnly')
data.setCell(5, 2, 'tests.VerifyLoginPage')
data.setCell(5, 3, 6242);
data.setCell(6, 0, 6)
data.setCell(6, 1, 'verifyCancelButton')
data.setCell(6, 2, 'tests.VerifyForgottenPasswordPage')
data.setCell(6, 3, 5534);
data.setCell(7, 0, 7)
data.setCell(7, 1, 'verifyCancelButton')
data.setCell(7, 2, 'tests.VerifyForgottenPasswordPage')
data.setCell(7, 3, 5372);
data.setCell(8, 0, 8)
data.setCell(8, 1, 'verifyCancelButton')
data.setCell(8, 2, 'tests.VerifyForgottenPasswordPage')
data.setCell(8, 3, 4954);
data.setCell(9, 0, 9)
data.setCell(9, 1, 'verifySearcButton')
data.setCell(9, 2, 'tests.VerifyForgottenPasswordPage')
data.setCell(9, 3, 4358);
data.setCell(10, 0, 10)
data.setCell(10, 1, 'verifySearcButton')
data.setCell(10, 2, 'tests.VerifyForgottenPasswordPage')
data.setCell(10, 3, 4275);
data.setCell(11, 0, 11)
data.setCell(11, 1, 'verifySearcButton')
data.setCell(11, 2, 'tests.VerifyForgottenPasswordPage')
data.setCell(11, 3, 4178);
data.setCell(12, 0, 12)
data.setCell(12, 1, 'verifyTheLoginButtonByPassingBlankEmailPassword')
data.setCell(12, 2, 'tests.VerifyLoginPage')
data.setCell(12, 3, 3462);
data.setCell(13, 0, 13)
data.setCell(13, 1, 'verifyTheLoginButtonByPassingBlankEmailPassword')
data.setCell(13, 2, 'tests.VerifyLoginPage')
data.setCell(13, 3, 2279);
data.setCell(14, 0, 14)
data.setCell(14, 1, 'verifyTheLoginButtonByPassingBlankEmailPassword')
data.setCell(14, 2, 'tests.VerifyLoginPage')
data.setCell(14, 3, 1899);
data.setCell(15, 0, 15)
data.setCell(15, 1, 'verifyForgottenPasswordPageTitleMessage')
data.setCell(15, 2, 'tests.VerifyForgottenPasswordPage')
data.setCell(15, 3, 95);
data.setCell(16, 0, 16)
data.setCell(16, 1, 'verifyForgottenPasswordPageTitleMessage')
data.setCell(16, 2, 'tests.VerifyForgottenPasswordPage')
data.setCell(16, 3, 85);
data.setCell(17, 0, 17)
data.setCell(17, 1, 'verifyForgottenPasswordPageTitleMessage')
data.setCell(17, 2, 'tests.VerifyForgottenPasswordPage')
data.setCell(17, 3, 56);
window.suiteTableData['RegressionSuiteParallel_tests_classes']= { tableData: data, tableDiv: 'times-div-RegressionSuiteParallel_tests_classes'}
return data;
}
              </script>
              <span class="suite-total-time">Total running time: 2 minutes</span>
              <div id="times-div-RegressionSuiteParallel_tests_classes">
              </div> <!-- times-div-RegressionSuiteParallel_tests_classes -->
            </div> <!-- times-div -->
          </div> <!-- main-panel-content rounded-window-bottom -->
        </div> <!-- panel -->
        <div panel-name="reporter-RegressionSuiteParallel_tests_classes" class="panel">
          <div class="main-panel-header rounded-window-top">
            <span class="header-content">Reporter output for RegressionSuiteParallel-tests/classes</span>
          </div> <!-- main-panel-header rounded-window-top -->
          <div class="main-panel-content rounded-window-bottom">
          </div> <!-- main-panel-content rounded-window-bottom -->
        </div> <!-- panel -->
        <div panel-name="ignored-methods-RegressionSuiteParallel_tests_classes" class="panel">
          <div class="main-panel-header rounded-window-top">
            <span class="header-content">0 ignored methods</span>
          </div> <!-- main-panel-header rounded-window-top -->
          <div class="main-panel-content rounded-window-bottom">
          </div> <!-- main-panel-content rounded-window-bottom -->
        </div> <!-- panel -->
        <div panel-name="chronological-RegressionSuiteParallel_tests_classes" class="panel">
          <div class="main-panel-header rounded-window-top">
            <span class="header-content">Methods in chronological order</span>
          </div> <!-- main-panel-header rounded-window-top -->
          <div class="main-panel-content rounded-window-bottom">
            <div class="chronological-class">
              <div class="chronological-class-name">tests.VerifyForgottenPasswordPage</div> <!-- chronological-class-name -->
              <div class="configuration-suite before">
                <span class="method-name">beforeSuite</span>
                <span class="method-start">0 ms</span>
              </div> <!-- configuration-suite before -->
            </div> <!-- chronological-class -->
            <div class="chronological-class">
              <div class="chronological-class-name">tests.VerifyLoginPage</div> <!-- chronological-class-name -->
              <div class="configuration-suite before">
                <span class="method-name">beforeSuite</span>
                <span class="method-start">9 ms</span>
              </div> <!-- configuration-suite before -->
            </div> <!-- chronological-class -->
            <div class="chronological-class">
              <div class="chronological-class-name">tests.VerifyForgottenPasswordPage</div> <!-- chronological-class-name -->
              <div class="configuration-test before">
                <span class="method-name">openBrowser(Edge)</span>
                <span class="method-start">18 ms</span>
              </div> <!-- configuration-test before -->
              <div class="configuration-test before">
                <span class="method-name">openBrowser(Chrome)</span>
                <span class="method-start">21 ms</span>
              </div> <!-- configuration-test before -->
            </div> <!-- chronological-class -->
            <div class="chronological-class">
              <div class="chronological-class-name">tests.VerifyLoginPage</div> <!-- chronological-class-name -->
              <div class="configuration-test before">
                <span class="method-name">openBrowser(Chrome)</span>
                <span class="method-start">3465 ms</span>
              </div> <!-- configuration-test before -->
              <div class="configuration-test before">
                <span class="method-name">openBrowser(Edge)</span>
                <span class="method-start">7029 ms</span>
              </div> <!-- configuration-test before -->
              <div class="configuration-class before">
                <span class="method-name">createPomObject</span>
                <span class="method-start">9137 ms</span>
              </div> <!-- configuration-class before -->
            </div> <!-- chronological-class -->
            <div class="chronological-class">
              <div class="chronological-class-name">tests.VerifyForgottenPasswordPage</div> <!-- chronological-class-name -->
              <div class="configuration-class before">
                <span class="method-name">createPomObject</span>
                <span class="method-start">9137 ms</span>
              </div> <!-- configuration-class before -->
              <div class="configuration-method before">
                <span class="method-name">goToForgottenPasswordPage</span>
                <span class="method-start">9316 ms</span>
              </div> <!-- configuration-method before -->
            </div> <!-- chronological-class -->
            <div class="chronological-class">
              <div class="chronological-class-name">tests.VerifyLoginPage</div> <!-- chronological-class-name -->
              <div class="configuration-method before">
                <span class="method-name">goToLoginPage</span>
                <span class="method-start">9352 ms</span>
              </div> <!-- configuration-method before -->
              <div class="test-method">
                <span class="method-name">verifyTheLoginButtonByPassingCorrectEmailOnly</span>
                <span class="method-start">13003 ms</span>
              </div> <!-- test-method -->
            </div> <!-- chronological-class -->
            <div class="chronological-class">
              <div class="chronological-class-name">tests.VerifyForgottenPasswordPage</div> <!-- chronological-class-name -->
              <div class="configuration-class before">
                <span class="method-name">createPomObject</span>
                <span class="method-start">13754 ms</span>
              </div> <!-- configuration-class before -->
              <div class="configuration-method before">
                <span class="method-name">goToForgottenPasswordPage</span>
                <span class="method-start">13756 ms</span>
              </div> <!-- configuration-method before -->
              <div class="test-method">
                <span class="method-name">verifyForgottenPasswordPageTitleMessage</span>
                <span class="method-start">20558 ms</span>
              </div> <!-- test-method -->
              <div class="configuration-method after">
                <span class="method-name">afterMethod([TestResult name=verifyForgottenPasswordPageTitleMessage status=SUCCESS method=VerifyForgottenPasswo...)</span>
                <span class="method-start">20647 ms</span>
              </div> <!-- configuration-method after -->
              <div class="configuration-method before">
                <span class="method-name">goToForgottenPasswordPage</span>
                <span class="method-start">20650 ms</span>
              </div> <!-- configuration-method before -->
            </div> <!-- chronological-class -->
            <div class="chronological-class">
              <div class="chronological-class-name">tests.VerifyLoginPage</div> <!-- chronological-class-name -->
              <div class="configuration-method after">
                <span class="method-name">afterMethod([TestResult name=verifyTheLoginButtonByPassingCorrectEmailOnly status=SUCCESS method=VerifyLoginPage...)</span>
                <span class="method-start">24207 ms</span>
              </div> <!-- configuration-method after -->
              <div class="configuration-method before">
                <span class="method-name">goToLoginPage</span>
                <span class="method-start">24209 ms</span>
              </div> <!-- configuration-method before -->
              <div class="test-method">
                <span class="method-name">verifyTheLoginButtonByPassingBlankEmailPassword</span>
                <span class="method-start">24988 ms</span>
              </div> <!-- test-method -->
              <div class="configuration-method after">
                <span class="method-name">afterMethod([TestResult name=verifyTheLoginButtonByPassingBlankEmailPassword status=SUCCESS method=VerifyLoginPa...)</span>
                <span class="method-start">26889 ms</span>
              </div> <!-- configuration-method after -->
              <div class="configuration-method before">
                <span class="method-name">goToLoginPage</span>
                <span class="method-start">26904 ms</span>
              </div> <!-- configuration-method before -->
            </div> <!-- chronological-class -->
            <div class="chronological-class">
              <div class="chronological-class-name">tests.VerifyForgottenPasswordPage</div> <!-- chronological-class-name -->
              <div class="test-method">
                <span class="method-name">verifyCancelButton</span>
                <span class="method-start">27550 ms</span>
              </div> <!-- test-method -->
            </div> <!-- chronological-class -->
            <div class="chronological-class">
              <div class="chronological-class-name">tests.VerifyLoginPage</div> <!-- chronological-class-name -->
              <div class="test-method">
                <img src="failed.png">
                </img>
                <span class="method-name">verifyTheLoginButtonByPassingCorrectEmailPassword</span>
                <span class="method-start">28072 ms</span>
              </div> <!-- test-method -->
            </div> <!-- chronological-class -->
            <div class="chronological-class">
              <div class="chronological-class-name">tests.VerifyForgottenPasswordPage</div> <!-- chronological-class-name -->
              <div class="configuration-method after">
                <span class="method-name">afterMethod([TestResult name=verifyCancelButton status=SUCCESS method=VerifyForgottenPasswordPage.verifyCancelBu...)</span>
                <span class="method-start">32926 ms</span>
              </div> <!-- configuration-method after -->
              <div class="configuration-method before">
                <span class="method-name">goToForgottenPasswordPage</span>
                <span class="method-start">32928 ms</span>
              </div> <!-- configuration-method before -->
              <div class="test-method">
                <span class="method-name">verifyForgottenPasswordPageTitleMessage</span>
                <span class="method-start">36039 ms</span>
              </div> <!-- test-method -->
              <div class="configuration-method after">
                <span class="method-name">afterMethod([TestResult name=verifyForgottenPasswordPageTitleMessage status=SUCCESS method=VerifyForgottenPasswo...)</span>
                <span class="method-start">36136 ms</span>
              </div> <!-- configuration-method after -->
            </div> <!-- chronological-class -->
            <div class="chronological-class">
              <div class="chronological-class-name">tests.VerifyLoginPage</div> <!-- chronological-class-name -->
              <div class="configuration-class before">
                <span class="method-name">createPomObject</span>
                <span class="method-start">36137 ms</span>
              </div> <!-- configuration-class before -->
              <div class="configuration-method before">
                <span class="method-name">goToLoginPage</span>
                <span class="method-start">36139 ms</span>
              </div> <!-- configuration-method before -->
            </div> <!-- chronological-class -->
            <div class="chronological-class">
              <div class="chronological-class-name">tests.VerifyForgottenPasswordPage</div> <!-- chronological-class-name -->
              <div class="test-method">
                <span class="method-name">verifySearcButton</span>
                <span class="method-start">38969 ms</span>
              </div> <!-- test-method -->
            </div> <!-- chronological-class -->
            <div class="chronological-class">
              <div class="chronological-class-name">tests.VerifyLoginPage</div> <!-- chronological-class-name -->
              <div class="test-method">
                <span class="method-name">verifyTheLoginButtonByPassingCorrectEmailOnly</span>
                <span class="method-start">39288 ms</span>
              </div> <!-- test-method -->
            </div> <!-- chronological-class -->
            <div class="chronological-class">
              <div class="chronological-class-name">tests.VerifyForgottenPasswordPage</div> <!-- chronological-class-name -->
              <div class="configuration-method after">
                <span class="method-name">afterMethod([TestResult name=verifySearcButton status=SUCCESS method=VerifyForgottenPasswordPage.verifySearcButt...)</span>
                <span class="method-start">43158 ms</span>
              </div> <!-- configuration-method after -->
              <div class="configuration-class after">
                <span class="method-name">clearObjects</span>
                <span class="method-start">43160 ms</span>
              </div> <!-- configuration-class after -->
            </div> <!-- chronological-class -->
            <div class="chronological-class">
              <div class="chronological-class-name">tests.VerifyLoginPage</div> <!-- chronological-class-name -->
              <div class="configuration-method after">
                <span class="method-name">afterMethod([TestResult name=verifyTheLoginButtonByPassingCorrectEmailOnly status=SUCCESS method=VerifyLoginPage...)</span>
                <span class="method-start">46585 ms</span>
              </div> <!-- configuration-method after -->
            </div> <!-- chronological-class -->
            <div class="chronological-class">
              <div class="chronological-class-name">tests.VerifyForgottenPasswordPage</div> <!-- chronological-class-name -->
              <div class="configuration-method before">
                <span class="method-name">goToForgottenPasswordPage</span>
                <span class="method-start">46586 ms</span>
              </div> <!-- configuration-method before -->
              <div class="test-method">
                <span class="method-name">verifyCancelButton</span>
                <span class="method-start">54776 ms</span>
              </div> <!-- test-method -->
              <div class="configuration-method after">
                <span class="method-name">afterMethod([TestResult name=verifyCancelButton status=SUCCESS method=VerifyForgottenPasswordPage.verifyCancelBu...)</span>
                <span class="method-start">60314 ms</span>
              </div> <!-- configuration-method after -->
            </div> <!-- chronological-class -->
            <div class="chronological-class">
              <div class="chronological-class-name">tests.VerifyLoginPage</div> <!-- chronological-class-name -->
              <div class="configuration-method before">
                <span class="method-name">goToLoginPage</span>
                <span class="method-start">60315 ms</span>
              </div> <!-- configuration-method before -->
              <div class="test-method">
                <span class="method-name">verifyTheLoginButtonByPassingBlankEmailPassword</span>
                <span class="method-start">61793 ms</span>
              </div> <!-- test-method -->
              <div class="configuration-method after">
                <span class="method-name">afterMethod([TestResult name=verifyTheLoginButtonByPassingBlankEmailPassword status=SUCCESS method=VerifyLoginPa...)</span>
                <span class="method-start">64073 ms</span>
              </div> <!-- configuration-method after -->
            </div> <!-- chronological-class -->
            <div class="chronological-class">
              <div class="chronological-class-name">tests.VerifyForgottenPasswordPage</div> <!-- chronological-class-name -->
              <div class="configuration-method before">
                <span class="method-name">goToForgottenPasswordPage</span>
                <span class="method-start">64073 ms</span>
              </div> <!-- configuration-method before -->
            </div> <!-- chronological-class -->
            <div class="chronological-class">
              <div class="chronological-class-name">tests.VerifyLoginPage</div> <!-- chronological-class-name -->
              <div class="configuration-method after">
                <span class="method-name">afterMethod([TestResult name=verifyTheLoginButtonByPassingCorrectEmailPassword status=FAILURE method=VerifyLogin...)</span>
                <span class="method-start">70990 ms</span>
              </div> <!-- configuration-method after -->
              <div class="configuration-class after">
                <span class="method-name">clearObjects</span>
                <span class="method-start">71402 ms</span>
              </div> <!-- configuration-class after -->
            </div> <!-- chronological-class -->
            <div class="chronological-class">
              <div class="chronological-class-name">tests.VerifyForgottenPasswordPage</div> <!-- chronological-class-name -->
              <div class="configuration-test after">
                <span class="method-name">closeBrowser</span>
                <span class="method-start">71405 ms</span>
              </div> <!-- configuration-test after -->
            </div> <!-- chronological-class -->
            <div class="chronological-class">
              <div class="chronological-class-name">tests.VerifyLoginPage</div> <!-- chronological-class-name -->
              <div class="configuration-test after">
                <span class="method-name">closeBrowser</span>
                <span class="method-start">72107 ms</span>
              </div> <!-- configuration-test after -->
            </div> <!-- chronological-class -->
            <div class="chronological-class">
              <div class="chronological-class-name">tests.VerifyForgottenPasswordPage</div> <!-- chronological-class-name -->
              <div class="test-method">
                <span class="method-name">verifySearcButton</span>
                <span class="method-start">72139 ms</span>
              </div> <!-- test-method -->
              <div class="configuration-test before">
                <span class="method-name">openBrowser(Firefox)</span>
                <span class="method-start">72511 ms</span>
              </div> <!-- configuration-test before -->
              <div class="configuration-method after">
                <span class="method-name">afterMethod([TestResult name=verifySearcButton status=SUCCESS method=VerifyForgottenPasswordPage.verifySearcButt...)</span>
                <span class="method-start">76498 ms</span>
              </div> <!-- configuration-method after -->
            </div> <!-- chronological-class -->
            <div class="chronological-class">
              <div class="chronological-class-name">tests.VerifyLoginPage</div> <!-- chronological-class-name -->
              <div class="configuration-method before">
                <span class="method-name">goToLoginPage</span>
                <span class="method-start">76500 ms</span>
              </div> <!-- configuration-method before -->
            </div> <!-- chronological-class -->
            <div class="chronological-class">
              <div class="chronological-class-name">tests.VerifyForgottenPasswordPage</div> <!-- chronological-class-name -->
              <div class="configuration-class after">
                <span class="method-name">clearObjects</span>
                <span class="method-start">76500 ms</span>
              </div> <!-- configuration-class after -->
            </div> <!-- chronological-class -->
            <div class="chronological-class">
              <div class="chronological-class-name">tests.VerifyLoginPage</div> <!-- chronological-class-name -->
              <div class="test-method">
                <img src="failed.png">
                </img>
                <span class="method-name">verifyTheLoginButtonByPassingCorrectEmailPassword</span>
                <span class="method-start">78248 ms</span>
              </div> <!-- test-method -->
              <div class="configuration-test before">
                <span class="method-name">openBrowser(Firefox)</span>
                <span class="method-start">81880 ms</span>
              </div> <!-- configuration-test before -->
            </div> <!-- chronological-class -->
            <div class="chronological-class">
              <div class="chronological-class-name">tests.VerifyForgottenPasswordPage</div> <!-- chronological-class-name -->
              <div class="configuration-class before">
                <span class="method-name">createPomObject</span>
                <span class="method-start">91973 ms</span>
              </div> <!-- configuration-class before -->
              <div class="configuration-method before">
                <span class="method-name">goToForgottenPasswordPage</span>
                <span class="method-start">91975 ms</span>
              </div> <!-- configuration-method before -->
              <div class="test-method">
                <span class="method-name">verifyForgottenPasswordPageTitleMessage</span>
                <span class="method-start">103119 ms</span>
              </div> <!-- test-method -->
              <div class="configuration-method after">
                <span class="method-name">afterMethod([TestResult name=verifyForgottenPasswordPageTitleMessage status=SUCCESS method=VerifyForgottenPasswo...)</span>
                <span class="method-start">103177 ms</span>
              </div> <!-- configuration-method after -->
            </div> <!-- chronological-class -->
            <div class="chronological-class">
              <div class="chronological-class-name">tests.VerifyLoginPage</div> <!-- chronological-class-name -->
              <div class="configuration-class before">
                <span class="method-name">createPomObject</span>
                <span class="method-start">103178 ms</span>
              </div> <!-- configuration-class before -->
              <div class="configuration-method before">
                <span class="method-name">goToLoginPage</span>
                <span class="method-start">103179 ms</span>
              </div> <!-- configuration-method before -->
              <div class="test-method">
                <span class="method-name">verifyTheLoginButtonByPassingCorrectEmailOnly</span>
                <span class="method-start">106109 ms</span>
              </div> <!-- test-method -->
              <div class="configuration-method after">
                <span class="method-name">afterMethod([TestResult name=verifyTheLoginButtonByPassingCorrectEmailOnly status=SUCCESS method=VerifyLoginPage...)</span>
                <span class="method-start">112352 ms</span>
              </div> <!-- configuration-method after -->
            </div> <!-- chronological-class -->
            <div class="chronological-class">
              <div class="chronological-class-name">tests.VerifyForgottenPasswordPage</div> <!-- chronological-class-name -->
              <div class="configuration-method before">
                <span class="method-name">goToForgottenPasswordPage</span>
                <span class="method-start">112354 ms</span>
              </div> <!-- configuration-method before -->
              <div class="test-method">
                <span class="method-name">verifyCancelButton</span>
                <span class="method-start">118866 ms</span>
              </div> <!-- test-method -->
            </div> <!-- chronological-class -->
            <div class="chronological-class">
              <div class="chronological-class-name">tests.VerifyLoginPage</div> <!-- chronological-class-name -->
              <div class="configuration-method after">
                <span class="method-name">afterMethod([TestResult name=verifyTheLoginButtonByPassingCorrectEmailPassword status=FAILURE method=VerifyLogin...)</span>
                <span class="method-start">122588 ms</span>
              </div> <!-- configuration-method after -->
            </div> <!-- chronological-class -->
            <div class="chronological-class">
              <div class="chronological-class-name">tests.VerifyForgottenPasswordPage</div> <!-- chronological-class-name -->
              <div class="configuration-test after">
                <span class="method-name">closeBrowser</span>
                <span class="method-start">123457 ms</span>
              </div> <!-- configuration-test after -->
            </div> <!-- chronological-class -->
            <div class="chronological-class">
              <div class="chronological-class-name">tests.VerifyLoginPage</div> <!-- chronological-class-name -->
              <div class="configuration-class after">
                <span class="method-name">clearObjects</span>
                <span class="method-start">123457 ms</span>
              </div> <!-- configuration-class after -->
            </div> <!-- chronological-class -->
            <div class="chronological-class">
              <div class="chronological-class-name">tests.VerifyForgottenPasswordPage</div> <!-- chronological-class-name -->
              <div class="configuration-method after">
                <span class="method-name">afterMethod([TestResult name=verifyCancelButton status=SUCCESS method=VerifyForgottenPasswordPage.verifyCancelBu...)</span>
                <span class="method-start">123821 ms</span>
              </div> <!-- configuration-method after -->
            </div> <!-- chronological-class -->
            <div class="chronological-class">
              <div class="chronological-class-name">tests.VerifyLoginPage</div> <!-- chronological-class-name -->
              <div class="configuration-method before">
                <span class="method-name">goToLoginPage</span>
                <span class="method-start">123824 ms</span>
              </div> <!-- configuration-method before -->
              <div class="test-method">
                <span class="method-name">verifyTheLoginButtonByPassingBlankEmailPassword</span>
                <span class="method-start">124943 ms</span>
              </div> <!-- test-method -->
              <div class="configuration-test after">
                <span class="method-name">closeBrowser</span>
                <span class="method-start">125337 ms</span>
              </div> <!-- configuration-test after -->
              <div class="configuration-method after">
                <span class="method-name">afterMethod([TestResult name=verifyTheLoginButtonByPassingBlankEmailPassword status=SUCCESS method=VerifyLoginPa...)</span>
                <span class="method-start">128407 ms</span>
              </div> <!-- configuration-method after -->
            </div> <!-- chronological-class -->
            <div class="chronological-class">
              <div class="chronological-class-name">tests.VerifyForgottenPasswordPage</div> <!-- chronological-class-name -->
              <div class="configuration-method before">
                <span class="method-name">goToForgottenPasswordPage</span>
                <span class="method-start">128409 ms</span>
              </div> <!-- configuration-method before -->
              <div class="test-method">
                <span class="method-name">verifySearcButton</span>
                <span class="method-start">135534 ms</span>
              </div> <!-- test-method -->
              <div class="configuration-class after">
                <span class="method-name">clearObjects</span>
                <span class="method-start">139810 ms</span>
              </div> <!-- configuration-class after -->
              <div class="configuration-method after">
                <span class="method-name">afterMethod([TestResult name=verifySearcButton status=SUCCESS method=VerifyForgottenPasswordPage.verifySearcButt...)</span>
                <span class="method-start">139810 ms</span>
              </div> <!-- configuration-method after -->
            </div> <!-- chronological-class -->
            <div class="chronological-class">
              <div class="chronological-class-name">tests.VerifyLoginPage</div> <!-- chronological-class-name -->
              <div class="configuration-method before">
                <span class="method-name">goToLoginPage</span>
                <span class="method-start">139811 ms</span>
              </div> <!-- configuration-method before -->
              <div class="test-method">
                <img src="failed.png">
                </img>
                <span class="method-name">verifyTheLoginButtonByPassingCorrectEmailPassword</span>
                <span class="method-start">140711 ms</span>
              </div> <!-- test-method -->
              <div class="configuration-method after">
                <span class="method-name">afterMethod([TestResult name=verifyTheLoginButtonByPassingCorrectEmailPassword status=FAILURE method=VerifyLogin...)</span>
                <span class="method-start">185080 ms</span>
              </div> <!-- configuration-method after -->
              <div class="configuration-class after">
                <span class="method-name">clearObjects</span>
                <span class="method-start">185187 ms</span>
              </div> <!-- configuration-class after -->
            </div> <!-- chronological-class -->
            <div class="chronological-class">
              <div class="chronological-class-name">tests.VerifyForgottenPasswordPage</div> <!-- chronological-class-name -->
              <div class="configuration-test after">
                <span class="method-name">closeBrowser</span>
                <span class="method-start">185187 ms</span>
              </div> <!-- configuration-test after -->
            </div> <!-- chronological-class -->
            <div class="chronological-class">
              <div class="chronological-class-name">tests.VerifyLoginPage</div> <!-- chronological-class-name -->
              <div class="configuration-test after">
                <span class="method-name">closeBrowser</span>
                <span class="method-start">192599 ms</span>
              </div> <!-- configuration-test after -->
            </div> <!-- chronological-class -->
            <div class="chronological-class">
              <div class="chronological-class-name">tests.VerifyForgottenPasswordPage</div> <!-- chronological-class-name -->
              <div class="configuration-suite after">
                <span class="method-name">afterSuite</span>
                <span class="method-start">196585 ms</span>
              </div> <!-- configuration-suite after -->
            </div> <!-- chronological-class -->
            <div class="chronological-class">
              <div class="chronological-class-name">tests.VerifyLoginPage</div> <!-- chronological-class-name -->
              <div class="configuration-suite after">
                <span class="method-name">afterSuite</span>
                <span class="method-start">196587 ms</span>
              </div> <!-- configuration-suite after -->
          </div> <!-- main-panel-content rounded-window-bottom -->
        </div> <!-- panel -->
      </div> <!-- main-panel-root -->
    </div> <!-- wrapper -->
  </body>
<script type="text/javascript" src="testng-reports2.js"></script>
</html>
