<?xml version="1.0" encoding="UTF-8"?>
<!-- Generated by org.testng.reporters.JUnitXMLReporter -->
<testsuite ignored="0" hostname="DESKTOP-ADC0TJP" failures="0" tests="6" name="FirefoxTest" time="12.283" errors="0" timestamp="2023-10-07T22:33:51 IST">
  <testcase classname="tests.VerifyForgottenPasswordPage" name="@BeforeTest openBrowser" time="12.2">
    <failure type="org.openqa.selenium.WebDriverException" message="Failed to decode response from marionette
Build info: version: &amp;apos;3.141.59&amp;apos;, revision: &amp;apos;e82be7d358&amp;apos;, time: &amp;apos;2018-11-14T08:17:03&amp;apos;
System info: host: &amp;apos;DESKTOP-ADC0TJP&amp;apos;, ip: &amp;apos;172.27.224.1&amp;apos;, os.name: &amp;apos;Windows 10&amp;apos;, os.arch: &amp;apos;amd64&amp;apos;, os.version: &amp;apos;10.0&amp;apos;, java.version: &amp;apos;17.0.5&amp;apos;
Driver info: driver.version: FirefoxDriver
remote stacktrace: ">
      <![CDATA[org.openqa.selenium.WebDriverException: Failed to decode response from marionette
Build info: version: '3.141.59', revision: 'e82be7d358', time: '2018-11-14T08:17:03'
System info: host: 'DESKTOP-ADC0TJP', ip: '172.27.224.1', os.name: 'Windows 10', os.arch: 'amd64', os.version: '10.0', java.version: '17.0.5'
Driver info: driver.version: FirefoxDriver
remote stacktrace: 
at org.openqa.selenium.remote.W3CHandshakeResponse.lambda$errorHandler$0(W3CHandshakeResponse.java:62)
at org.openqa.selenium.remote.HandshakeResponse.lambda$getResponseFunction$0(HandshakeResponse.java:30)
at org.openqa.selenium.remote.ProtocolHandshake.lambda$createSession$0(ProtocolHandshake.java:126)
at java.base/java.util.stream.ReferencePipeline$3$1.accept(ReferencePipeline.java:197)
at java.base/java.util.Spliterators$ArraySpliterator.tryAdvance(Spliterators.java:1002)
at java.base/java.util.stream.ReferencePipeline.forEachWithCancel(ReferencePipeline.java:129)
at java.base/java.util.stream.AbstractPipeline.copyIntoWithCancel(AbstractPipeline.java:527)
at java.base/java.util.stream.AbstractPipeline.copyInto(AbstractPipeline.java:513)
at java.base/java.util.stream.AbstractPipeline.wrapAndCopyInto(AbstractPipeline.java:499)
at java.base/java.util.stream.FindOps$FindOp.evaluateSequential(FindOps.java:150)
at java.base/java.util.stream.AbstractPipeline.evaluate(AbstractPipeline.java:234)
at java.base/java.util.stream.ReferencePipeline.findFirst(ReferencePipeline.java:647)
at org.openqa.selenium.remote.ProtocolHandshake.createSession(ProtocolHandshake.java:128)
at org.openqa.selenium.remote.ProtocolHandshake.createSession(ProtocolHandshake.java:74)
at org.openqa.selenium.remote.HttpCommandExecutor.execute(HttpCommandExecutor.java:136)
at org.openqa.selenium.remote.service.DriverCommandExecutor.execute(DriverCommandExecutor.java:83)
at org.openqa.selenium.remote.RemoteWebDriver.execute(RemoteWebDriver.java:552)
at org.openqa.selenium.remote.RemoteWebDriver.startSession(RemoteWebDriver.java:213)
at org.openqa.selenium.remote.RemoteWebDriver.<init>(RemoteWebDriver.java:131)
at org.openqa.selenium.firefox.FirefoxDriver.<init>(FirefoxDriver.java:147)
at org.openqa.selenium.firefox.FirefoxDriver.<init>(FirefoxDriver.java:125)
at tests.VerifyForgottenPasswordPage.openBrowser(VerifyForgottenPasswordPage.java:61)
at java.base/java.util.concurrent.FutureTask.run(FutureTask.java:264)
at java.base/java.util.concurrent.ThreadPoolExecutor.runWorker(ThreadPoolExecutor.java:1136)
at java.base/java.util.concurrent.ThreadPoolExecutor$Worker.run(ThreadPoolExecutor.java:635)
at java.base/java.lang.Thread.run(Thread.java:833)
... Removed 20 stack frames]]>
    </failure>
  </testcase> <!-- @BeforeTest openBrowser -->
  <testcase classname="tests.VerifyLoginPage" name="@BeforeTest openBrowser" time="-1.696698231407E9">
    <skipped/>
  </testcase> <!-- @BeforeTest openBrowser -->
  <testcase classname="tests.VerifyForgottenPasswordPage" name="@BeforeClass createPomObject" time="-1.696698231411E9">
    <skipped/>
  </testcase> <!-- @BeforeClass createPomObject -->
  <testcase classname="tests.VerifyForgottenPasswordPage" name="@BeforeMethod goToForgottenPasswordPage" time="-1.696698231414E9">
    <skipped/>
  </testcase> <!-- @BeforeMethod goToForgottenPasswordPage -->
  <testcase classname="tests.VerifyForgottenPasswordPage" name="@AfterMethod afterMethod" time="-1.696698231427E9">
    <skipped/>
  </testcase> <!-- @AfterMethod afterMethod -->
  <testcase classname="tests.VerifyLoginPage" name="@BeforeClass createPomObject" time="-1.696698231431E9">
    <skipped/>
  </testcase> <!-- @BeforeClass createPomObject -->
  <testcase classname="tests.VerifyLoginPage" name="@BeforeMethod goToLoginPage" time="-1.696698231433E9">
    <skipped/>
  </testcase> <!-- @BeforeMethod goToLoginPage -->
  <testcase classname="tests.VerifyLoginPage" name="@AfterMethod afterMethod" time="-1.696698231439E9">
    <skipped/>
  </testcase> <!-- @AfterMethod afterMethod -->
  <testcase classname="tests.VerifyForgottenPasswordPage" name="@BeforeMethod goToForgottenPasswordPage" time="-1.696698231442E9">
    <skipped/>
  </testcase> <!-- @BeforeMethod goToForgottenPasswordPage -->
  <testcase classname="tests.VerifyForgottenPasswordPage" name="@AfterMethod afterMethod" time="-1.696698231447E9">
    <skipped/>
  </testcase> <!-- @AfterMethod afterMethod -->
  <testcase classname="tests.VerifyLoginPage" name="@BeforeMethod goToLoginPage" time="-1.69669823145E9">
    <skipped/>
  </testcase> <!-- @BeforeMethod goToLoginPage -->
  <testcase classname="tests.VerifyLoginPage" name="@AfterMethod afterMethod" time="-1.696698231456E9">
    <skipped/>
  </testcase> <!-- @AfterMethod afterMethod -->
  <testcase classname="tests.VerifyForgottenPasswordPage" name="@BeforeMethod goToForgottenPasswordPage" time="-1.696698231459E9">
    <skipped/>
  </testcase> <!-- @BeforeMethod goToForgottenPasswordPage -->
  <testcase classname="tests.VerifyForgottenPasswordPage" name="@AfterMethod afterMethod" time="-1.696698231465E9">
    <skipped/>
  </testcase> <!-- @AfterMethod afterMethod -->
  <testcase classname="tests.VerifyForgottenPasswordPage" name="@AfterClass clearObjects" time="-1.696698231466E9">
    <skipped/>
  </testcase> <!-- @AfterClass clearObjects -->
  <testcase classname="tests.VerifyLoginPage" name="@BeforeMethod goToLoginPage" time="-1.696698231468E9">
    <skipped/>
  </testcase> <!-- @BeforeMethod goToLoginPage -->
  <testcase classname="tests.VerifyLoginPage" name="@AfterMethod afterMethod" time="-1.696698231473E9">
    <skipped/>
  </testcase> <!-- @AfterMethod afterMethod -->
  <testcase classname="tests.VerifyLoginPage" name="@AfterClass clearObjects" time="-1.696698231475E9">
    <skipped/>
  </testcase> <!-- @AfterClass clearObjects -->
  <testcase classname="tests.VerifyForgottenPasswordPage" name="@AfterTest closeBrowser" time="-1.696698231477E9">
    <skipped/>
  </testcase> <!-- @AfterTest closeBrowser -->
  <testcase classname="tests.VerifyLoginPage" name="@AfterTest closeBrowser" time="-1.696698231479E9">
    <skipped/>
  </testcase> <!-- @AfterTest closeBrowser -->
  <testcase classname="tests.VerifyForgottenPasswordPage" name="verifyForgottenPasswordPageTitleMessage" time="0.0">
    <skipped/>
  </testcase> <!-- verifyForgottenPasswordPageTitleMessage -->
  <testcase classname="tests.VerifyLoginPage" name="verifyTheLoginButtonByPassingCurrectEmailOnly" time="0.0">
    <skipped/>
  </testcase> <!-- verifyTheLoginButtonByPassingCurrectEmailOnly -->
  <testcase classname="tests.VerifyForgottenPasswordPage" name="verifyCancelButton" time="0.0">
    <skipped/>
  </testcase> <!-- verifyCancelButton -->
  <testcase classname="tests.VerifyLoginPage" name="verifyTheLoginButtonByPassingBlankEmailPassword" time="0.0">
    <skipped/>
  </testcase> <!-- verifyTheLoginButtonByPassingBlankEmailPassword -->
  <testcase classname="tests.VerifyForgottenPasswordPage" name="verifySearcButton" time="0.0">
    <skipped/>
  </testcase> <!-- verifySearcButton -->
  <testcase classname="tests.VerifyLoginPage" name="verifyTheLoginButtonByPassingCorrectEmailPassword" time="0.0">
    <skipped/>
  </testcase> <!-- verifyTheLoginButtonByPassingCorrectEmailPassword -->
</testsuite> <!-- FirefoxTest -->
