<?xml version="1.0" encoding="UTF-8"?>
<!-- Generated by org.testng.reporters.JUnitXMLReporter -->
<testsuite ignored="0" hostname="DESKTOP-ADC0TJP" failures="1" tests="6" name="FirefoxTest" time="60.563" errors="0" timestamp="2023-10-07T23:58:30 IST">
  <testcase classname="tests.VerifyLoginPage" name="verifyTheLoginButtonByPassingCurrectEmailOnly" time="5.444"/>
  <testcase classname="tests.VerifyForgottenPasswordPage" name="verifyForgottenPasswordPageTitleMessage" time="0.078"/>
  <testcase classname="tests.VerifyLoginPage" name="verifyTheLoginButtonByPassingBlankEmailPassword" time="2.009"/>
  <testcase classname="tests.VerifyForgottenPasswordPage" name="verifyCancelButton" time="5.286"/>
  <testcase classname="tests.VerifyLoginPage" name="verifyTheLoginButtonByPassingCorrectEmailPassword" time="12.498">
    <failure type="java.lang.AssertionError" message="The following asserts failed:
	expected [Facebook – log in or sign up] but found [Facebook]">
      <![CDATA[java.lang.AssertionError: The following asserts failed:
expected [Facebook – log in or sign up] but found [Facebook]
at tests.VerifyLoginPage.verifyTheLoginButtonByPassingCorrectEmailPassword(VerifyLoginPage.java:155)
at java.base/java.util.concurrent.ThreadPoolExecutor.runWorker(ThreadPoolExecutor.java:1136)
at java.base/java.util.concurrent.ThreadPoolExecutor$Worker.run(ThreadPoolExecutor.java:635)
at java.base/java.lang.Thread.run(Thread.java:833)
... Removed 14 stack frames]]>
    </failure>
  </testcase> <!-- verifyTheLoginButtonByPassingCorrectEmailPassword -->
  <testcase classname="tests.VerifyForgottenPasswordPage" name="verifySearcButton" time="4.33"/>
</testsuite> <!-- FirefoxTest -->
